<?xml version="1.0" encoding="UTF-8"?>
<!-- Generated by org.testng.reporters.JUnitReportReporter -->
<testsuite hostname="DESKTOP-MBJVQGU" failures="0" tests="1" name="com.inetBanking.testCase.TC_LoginPage_001" time="2.948" errors="0" timestamp="2022-08-02T16:49:09 IST" skipped="0">
  <testcase classname="com.inetBanking.testCase.TC_LoginPage_001" name="loginTest" time="2.948"/>
  <system-out/>
</testsuite> <!-- com.inetBanking.testCase.TC_LoginPage_001 -->
