<?xml version="1.0" encoding="UTF-8"?>
<!-- Generated by org.testng.reporters.JUnitReportReporter -->
<testsuite hostname="DESKTOP-MBJVQGU" failures="0" tests="1" name="com.inetBanking.testCase.TC_AddCustomer_003" time="29.747" errors="0" timestamp="2022-08-02T16:29:45 IST" skipped="0">
  <testcase classname="com.inetBanking.testCase.TC_AddCustomer_003" name="addNewCust" time="29.747"/>
  <system-out/>
</testsuite> <!-- com.inetBanking.testCase.TC_AddCustomer_003 -->
