<?xml version="1.0" encoding="UTF-8"?>
<!-- Generated by org.testng.reporters.JUnitReportReporter -->
<testsuite hostname="DESKTOP-MBJVQGU" failures="0" tests="1" name="com.inetBanking.testCase.TC_AddCustomer_003" time="54.729" errors="0" timestamp="2022-08-03T21:01:12 IST" skipped="0">
  <testcase classname="com.inetBanking.testCase.TC_AddCustomer_003" name="addNewCust" time="54.729"/>
  <system-out/>
</testsuite> <!-- com.inetBanking.testCase.TC_AddCustomer_003 -->
